2018-01-26T02:54:17.078161Z 0 [Warning] option 'read_buffer_size': unsigned value 0 adjusted to 8192
2018-01-26T02:54:17.078238Z 0 [Warning] option 'read_rnd_buffer_size': unsigned value 0 adjusted to 1
2018-01-26T02:54:17.078272Z 0 [Warning] TIMESTAMP with implicit DEFAULT value is deprecated. Please use --explicit_defaults_for_timestamp server option (see documentation for more details).
2018-01-26T02:54:17.078285Z 0 [Warning] 'NO_ZERO_DATE', 'NO_ZERO_IN_DATE' and 'ERROR_FOR_DIVISION_BY_ZERO' sql modes should be used with strict mode. They will be merged with strict mode in a future release.
2018-01-26T02:54:17.081035Z 0 [Note] C:\Program Files\MySQL\MySQL Server 5.7\bin\mysqld.exe (mysqld 5.7.21-log) starting as process 11724 ...
2018-01-26T02:54:17.100274Z 0 [Note] InnoDB: Mutexes and rw_locks use Windows interlocked functions
2018-01-26T02:54:17.100895Z 0 [Note] InnoDB: Uses event mutexes
2018-01-26T02:54:17.101247Z 0 [Note] InnoDB: _mm_lfence() and _mm_sfence() are used for memory barrier
2018-01-26T02:54:17.101768Z 0 [Note] InnoDB: Compressed tables use zlib 1.2.3
2018-01-26T02:54:17.102187Z 0 [Note] InnoDB: Adjusting innodb_buffer_pool_instances from 8 to 1 since innodb_buffer_pool_size is less than 1024 MiB
2018-01-26T02:54:17.103278Z 0 [Note] InnoDB: Number of pools: 1
2018-01-26T02:54:17.103753Z 0 [Note] InnoDB: Not using CPU crc32 instructions
2018-01-26T02:54:17.106841Z 0 [Note] InnoDB: Initializing buffer pool, total size = 8M, instances = 1, chunk size = 8M
2018-01-26T02:54:17.108091Z 0 [Note] InnoDB: Completed initialization of buffer pool
2018-01-26T02:54:17.137854Z 0 [Note] InnoDB: Highest supported file format is Barracuda.
2018-01-26T02:54:17.187648Z 0 [Note] InnoDB: Creating shared tablespace for temporary tables
2018-01-26T02:54:17.188551Z 0 [Note] InnoDB: Setting file '.\ibtmp1' size to 12 MB. Physically writing the file full; Please wait ...
2018-01-26T02:54:17.223079Z 0 [Note] InnoDB: File '.\ibtmp1' size is now 12 MB.
2018-01-26T02:54:17.235379Z 0 [Note] InnoDB: 96 redo rollback segment(s) found. 96 redo rollback segment(s) are active.
2018-01-26T02:54:17.236073Z 0 [Note] InnoDB: 32 non-redo rollback segment(s) are active.
2018-01-26T02:54:17.236841Z 0 [Note] InnoDB: Waiting for purge to start
2018-01-26T02:54:17.287739Z 0 [Note] InnoDB: 5.7.21 started; log sequence number 2551827
2018-01-26T02:54:17.289316Z 0 [Note] InnoDB: Loading buffer pool(s) from C:\ProgramData\MySQL\MySQL Server 5.7\Data\ib_buffer_pool
2018-01-26T02:54:17.289380Z 0 [Note] Plugin 'FEDERATED' is disabled.
2018-01-26T02:54:17.302592Z 0 [Note] InnoDB: Buffer pool(s) load completed at 180125 21:54:17
2018-01-26T02:54:17.308119Z 0 [Warning] Failed to set up SSL because of the following SSL library error: SSL context is not usable without certificate and private key
2018-01-26T02:54:17.309872Z 0 [Note] Server hostname (bind-address): '*'; port: 3306
2018-01-26T02:54:17.310613Z 0 [Note] IPv6 is available.
2018-01-26T02:54:17.310949Z 0 [Note]   - '::' resolves to '::';
2018-01-26T02:54:17.311336Z 0 [Note] Server socket created on IP: '::'.
2018-01-26T02:54:17.355557Z 0 [Note] Event Scheduler: Loaded 0 events
2018-01-26T02:54:17.356168Z 0 [Note] C:\Program Files\MySQL\MySQL Server 5.7\bin\mysqld.exe: ready for connections.
Version: '5.7.21-log'  socket: ''  port: 3306  MySQL Community Server (GPL)
2018-01-26T02:54:18.277352Z 2 [Note] Access denied for user ''@'localhost' (using password: NO)
2018-01-26T02:58:05.038804Z 7 [Note] Access denied for user 'root'@'localhost' (using password: NO)
2018-01-26T06:58:29.353494Z 0 [Note] C:\Program Files\MySQL\MySQL Server 5.7\bin\mysqld.exe: Normal shutdown

2018-01-26T06:58:29.355707Z 0 [Note] Giving 0 client threads a chance to die gracefully
2018-01-26T06:58:29.356368Z 0 [Note] Shutting down slave threads
2018-01-26T06:58:29.356882Z 0 [Note] Forcefully disconnecting 0 remaining clients
2018-01-26T06:58:29.357448Z 0 [Note] Event Scheduler: Purging the queue. 0 events
2018-01-26T06:58:29.359326Z 0 [Note] Binlog end
2018-01-26T06:58:29.364761Z 0 [Note] Shutting down plugin 'ngram'
2018-01-26T06:58:29.365385Z 0 [Note] Shutting down plugin 'partition'
2018-01-26T06:58:29.365867Z 0 [Note] Shutting down plugin 'BLACKHOLE'
2018-01-26T06:58:29.366371Z 0 [Note] Shutting down plugin 'ARCHIVE'
2018-01-26T06:58:29.366880Z 0 [Note] Shutting down plugin 'PERFORMANCE_SCHEMA'
2018-01-26T06:58:29.367481Z 0 [Note] Shutting down plugin 'MRG_MYISAM'
2018-01-26T06:58:29.367964Z 0 [Note] Shutting down plugin 'MyISAM'
2018-01-26T06:58:29.368571Z 0 [Note] Shutting down plugin 'INNODB_SYS_VIRTUAL'
2018-01-26T06:58:29.369345Z 0 [Note] Shutting down plugin 'INNODB_SYS_DATAFILES'
2018-01-26T06:58:29.370018Z 0 [Note] Shutting down plugin 'INNODB_SYS_TABLESPACES'
2018-01-26T06:58:29.370593Z 0 [Note] Shutting down plugin 'INNODB_SYS_FOREIGN_COLS'
2018-01-26T06:58:29.371270Z 0 [Note] Shutting down plugin 'INNODB_SYS_FOREIGN'
2018-01-26T06:58:29.371823Z 0 [Note] Shutting down plugin 'INNODB_SYS_FIELDS'
2018-01-26T06:58:29.372391Z 0 [Note] Shutting down plugin 'INNODB_SYS_COLUMNS'
2018-01-26T06:58:29.372929Z 0 [Note] Shutting down plugin 'INNODB_SYS_INDEXES'
2018-01-26T06:58:29.373452Z 0 [Note] Shutting down plugin 'INNODB_SYS_TABLESTATS'
2018-01-26T06:58:29.374049Z 0 [Note] Shutting down plugin 'INNODB_SYS_TABLES'
2018-01-26T06:58:29.374656Z 0 [Note] Shutting down plugin 'INNODB_FT_INDEX_TABLE'
2018-01-26T06:58:29.375225Z 0 [Note] Shutting down plugin 'INNODB_FT_INDEX_CACHE'
2018-01-26T06:58:29.375815Z 0 [Note] Shutting down plugin 'INNODB_FT_CONFIG'
2018-01-26T06:58:29.376343Z 0 [Note] Shutting down plugin 'INNODB_FT_BEING_DELETED'
2018-01-26T06:58:29.376927Z 0 [Note] Shutting down plugin 'INNODB_FT_DELETED'
2018-01-26T06:58:29.377607Z 0 [Note] Shutting down plugin 'INNODB_FT_DEFAULT_STOPWORD'
2018-01-26T06:58:29.378425Z 0 [Note] Shutting down plugin 'INNODB_METRICS'
2018-01-26T06:58:29.378950Z 0 [Note] Shutting down plugin 'INNODB_TEMP_TABLE_INFO'
2018-01-26T06:58:29.379529Z 0 [Note] Shutting down plugin 'INNODB_BUFFER_POOL_STATS'
2018-01-26T06:58:29.380106Z 0 [Note] Shutting down plugin 'INNODB_BUFFER_PAGE_LRU'
2018-01-26T06:58:29.380681Z 0 [Note] Shutting down plugin 'INNODB_BUFFER_PAGE'
2018-01-26T06:58:29.381208Z 0 [Note] Shutting down plugin 'INNODB_CMP_PER_INDEX_RESET'
2018-01-26T06:58:29.381786Z 0 [Note] Shutting down plugin 'INNODB_CMP_PER_INDEX'
2018-01-26T06:58:29.382295Z 0 [Note] Shutting down plugin 'INNODB_CMPMEM_RESET'
2018-01-26T06:58:29.382843Z 0 [Note] Shutting down plugin 'INNODB_CMPMEM'
2018-01-26T06:58:29.383389Z 0 [Note] Shutting down plugin 'INNODB_CMP_RESET'
2018-01-26T06:58:29.383931Z 0 [Note] Shutting down plugin 'INNODB_CMP'
2018-01-26T06:58:29.384419Z 0 [Note] Shutting down plugin 'INNODB_LOCK_WAITS'
2018-01-26T06:58:29.384935Z 0 [Note] Shutting down plugin 'INNODB_LOCKS'
2018-01-26T06:58:29.385532Z 0 [Note] Shutting down plugin 'INNODB_TRX'
2018-01-26T06:58:29.386026Z 0 [Note] Shutting down plugin 'InnoDB'
2018-01-26T06:58:29.407560Z 0 [Note] InnoDB: FTS optimize thread exiting.
2018-01-26T06:58:29.408187Z 0 [Note] InnoDB: Starting shutdown...
2018-01-26T06:58:29.516364Z 0 [Note] InnoDB: Dumping buffer pool(s) to C:\ProgramData\MySQL\MySQL Server 5.7\Data\ib_buffer_pool
2018-01-26T06:58:29.518136Z 0 [Note] InnoDB: Buffer pool(s) dump completed at 180126  1:58:29
2018-01-26T06:58:30.685372Z 0 [Note] InnoDB: Shutdown completed; log sequence number 10879508
2018-01-26T06:58:30.686145Z 0 [Note] InnoDB: Removed temporary tablespace data file: "ibtmp1"
2018-01-26T06:58:30.686586Z 0 [Note] Shutting down plugin 'MEMORY'
2018-01-26T06:58:30.686898Z 0 [Note] Shutting down plugin 'CSV'
2018-01-26T06:58:30.687194Z 0 [Note] Shutting down plugin 'sha256_password'
2018-01-26T06:58:30.687548Z 0 [Note] Shutting down plugin 'mysql_native_password'
2018-01-26T06:58:30.688056Z 0 [Note] Shutting down plugin 'binlog'
2018-01-26T06:58:30.691313Z 0 [Note] C:\Program Files\MySQL\MySQL Server 5.7\bin\mysqld.exe: Shutdown complete

2018-05-11T22:14:27.153423Z 0 [Warning] option 'read_buffer_size': unsigned value 0 adjusted to 8192
2018-05-11T22:14:27.153482Z 0 [Warning] option 'read_rnd_buffer_size': unsigned value 0 adjusted to 1
2018-05-11T22:14:27.153510Z 0 [Warning] TIMESTAMP with implicit DEFAULT value is deprecated. Please use --explicit_defaults_for_timestamp server option (see documentation for more details).
2018-05-11T22:14:27.153788Z 0 [Warning] 'NO_ZERO_DATE', 'NO_ZERO_IN_DATE' and 'ERROR_FOR_DIVISION_BY_ZERO' sql modes should be used with strict mode. They will be merged with strict mode in a future release.
2018-05-11T22:14:27.157761Z 0 [Note] C:\Program Files\MySQL\MySQL Server 5.7\bin\mysqld.exe (mysqld 5.7.21-log) starting as process 9732 ...
2018-05-11T22:14:27.210782Z 0 [Note] InnoDB: Mutexes and rw_locks use Windows interlocked functions
2018-05-11T22:14:27.211957Z 0 [Note] InnoDB: Uses event mutexes
2018-05-11T22:14:27.212683Z 0 [Note] InnoDB: _mm_lfence() and _mm_sfence() are used for memory barrier
2018-05-11T22:14:27.213744Z 0 [Note] InnoDB: Compressed tables use zlib 1.2.3
2018-05-11T22:14:27.214608Z 0 [Note] InnoDB: Adjusting innodb_buffer_pool_instances from 8 to 1 since innodb_buffer_pool_size is less than 1024 MiB
2018-05-11T22:14:27.219990Z 0 [Note] InnoDB: Number of pools: 1
2018-05-11T22:14:27.223749Z 0 [Note] InnoDB: Not using CPU crc32 instructions
2018-05-11T22:14:27.227243Z 0 [Note] InnoDB: Initializing buffer pool, total size = 8M, instances = 1, chunk size = 8M
2018-05-11T22:14:27.228886Z 0 [Note] InnoDB: Completed initialization of buffer pool
2018-05-11T22:14:27.270129Z 0 [Note] InnoDB: Highest supported file format is Barracuda.
2018-05-11T22:14:27.593290Z 0 [Note] InnoDB: Creating shared tablespace for temporary tables
2018-05-11T22:14:27.594229Z 0 [Note] InnoDB: Setting file '.\ibtmp1' size to 12 MB. Physically writing the file full; Please wait ...
2018-05-11T22:14:27.646531Z 0 [Note] InnoDB: File '.\ibtmp1' size is now 12 MB.
2018-05-11T22:14:27.658483Z 0 [Note] InnoDB: 96 redo rollback segment(s) found. 96 redo rollback segment(s) are active.
2018-05-11T22:14:27.659201Z 0 [Note] InnoDB: 32 non-redo rollback segment(s) are active.
2018-05-11T22:14:27.659977Z 0 [Note] InnoDB: Waiting for purge to start
2018-05-11T22:14:27.711100Z 0 [Note] InnoDB: 5.7.21 started; log sequence number 10879508
2018-05-11T22:14:27.712002Z 0 [Note] InnoDB: Loading buffer pool(s) from C:\ProgramData\MySQL\MySQL Server 5.7\Data\ib_buffer_pool
2018-05-11T22:14:27.712827Z 0 [Note] Plugin 'FEDERATED' is disabled.
2018-05-11T22:14:27.727125Z 0 [Note] InnoDB: Buffer pool(s) load completed at 180511 18:14:27
2018-05-11T22:14:27.757606Z 0 [Warning] Failed to set up SSL because of the following SSL library error: SSL context is not usable without certificate and private key
2018-05-11T22:14:27.758541Z 0 [Note] Server hostname (bind-address): '*'; port: 3306
2018-05-11T22:14:27.759195Z 0 [Note] IPv6 is available.
2018-05-11T22:14:27.759534Z 0 [Note]   - '::' resolves to '::';
2018-05-11T22:14:27.759925Z 0 [Note] Server socket created on IP: '::'.
2018-05-11T22:14:28.580746Z 0 [Note] Event Scheduler: Loaded 0 events
2018-05-11T22:14:28.581479Z 0 [Note] C:\Program Files\MySQL\MySQL Server 5.7\bin\mysqld.exe: ready for connections.
Version: '5.7.21-log'  socket: ''  port: 3306  MySQL Community Server (GPL)
2018-05-11T22:14:46.346219Z 2 [Note] Access denied for user 'root'@'localhost' (using password: NO)
2018-05-11T22:14:56.054155Z 6 [Note] Access denied for user 'root'@'localhost' (using password: NO)
2018-05-11T22:22:22.127380Z 11 [Note] Access denied for user 'root'@'localhost' (using password: NO)
2018-05-11T22:22:26.309408Z 12 [Note] Access denied for user 'root'@'localhost' (using password: NO)
2018-05-12T00:38:11.072485Z 0 [Note] C:\Program Files\MySQL\MySQL Server 5.7\bin\mysqld.exe: Normal shutdown

2018-05-12T00:38:11.073591Z 0 [Note] Giving 3 client threads a chance to die gracefully
2018-05-12T00:38:11.074157Z 0 [Note] Shutting down slave threads
2018-05-12T00:38:13.075177Z 0 [Note] Forcefully disconnecting 3 remaining clients
2018-05-12T00:38:13.075967Z 0 [Warning] C:\Program Files\MySQL\MySQL Server 5.7\bin\mysqld.exe: Forcing close of thread 14  user: 'root'

2018-05-12T00:38:13.077406Z 0 [Warning] C:\Program Files\MySQL\MySQL Server 5.7\bin\mysqld.exe: Forcing close of thread 5  user: 'root'

2018-05-12T00:38:13.078696Z 0 [Warning] C:\Program Files\MySQL\MySQL Server 5.7\bin\mysqld.exe: Forcing close of thread 13  user: 'root'

2018-05-12T00:38:13.080875Z 0 [Note] Event Scheduler: Purging the queue. 0 events
2018-05-12T00:38:13.081806Z 0 [Note] Binlog end
2018-05-12T00:38:13.087877Z 0 [Note] Shutting down plugin 'ngram'
2018-05-12T00:38:13.088788Z 0 [Note] Shutting down plugin 'partition'
2018-05-12T00:38:13.089104Z 0 [Note] Shutting down plugin 'BLACKHOLE'
2018-05-12T00:38:13.089416Z 0 [Note] Shutting down plugin 'ARCHIVE'
2018-05-12T00:38:13.089719Z 0 [Note] Shutting down plugin 'PERFORMANCE_SCHEMA'
2018-05-12T00:38:13.090089Z 0 [Note] Shutting down plugin 'MRG_MYISAM'
2018-05-12T00:38:13.090688Z 0 [Note] Shutting down plugin 'MyISAM'
2018-05-12T00:38:13.091166Z 0 [Note] Shutting down plugin 'INNODB_SYS_VIRTUAL'
2018-05-12T00:38:13.091541Z 0 [Note] Shutting down plugin 'INNODB_SYS_DATAFILES'
2018-05-12T00:38:13.091905Z 0 [Note] Shutting down plugin 'INNODB_SYS_TABLESPACES'
2018-05-12T00:38:13.092273Z 0 [Note] Shutting down plugin 'INNODB_SYS_FOREIGN_COLS'
2018-05-12T00:38:13.092646Z 0 [Note] Shutting down plugin 'INNODB_SYS_FOREIGN'
2018-05-12T00:38:13.092997Z 0 [Note] Shutting down plugin 'INNODB_SYS_FIELDS'
2018-05-12T00:38:13.093343Z 0 [Note] Shutting down plugin 'INNODB_SYS_COLUMNS'
2018-05-12T00:38:13.093693Z 0 [Note] Shutting down plugin 'INNODB_SYS_INDEXES'
2018-05-12T00:38:13.094049Z 0 [Note] Shutting down plugin 'INNODB_SYS_TABLESTATS'
2018-05-12T00:38:13.094417Z 0 [Note] Shutting down plugin 'INNODB_SYS_TABLES'
2018-05-12T00:38:13.094765Z 0 [Note] Shutting down plugin 'INNODB_FT_INDEX_TABLE'
2018-05-12T00:38:13.095127Z 0 [Note] Shutting down plugin 'INNODB_FT_INDEX_CACHE'
2018-05-12T00:38:13.095514Z 0 [Note] Shutting down plugin 'INNODB_FT_CONFIG'
2018-05-12T00:38:13.095858Z 0 [Note] Shutting down plugin 'INNODB_FT_BEING_DELETED'
2018-05-12T00:38:13.096236Z 0 [Note] Shutting down plugin 'INNODB_FT_DELETED'
2018-05-12T00:38:13.096584Z 0 [Note] Shutting down plugin 'INNODB_FT_DEFAULT_STOPWORD'
2018-05-12T00:38:13.096974Z 0 [Note] Shutting down plugin 'INNODB_METRICS'
2018-05-12T00:38:13.097313Z 0 [Note] Shutting down plugin 'INNODB_TEMP_TABLE_INFO'
2018-05-12T00:38:13.097692Z 0 [Note] Shutting down plugin 'INNODB_BUFFER_POOL_STATS'
2018-05-12T00:38:13.098074Z 0 [Note] Shutting down plugin 'INNODB_BUFFER_PAGE_LRU'
2018-05-12T00:38:13.098447Z 0 [Note] Shutting down plugin 'INNODB_BUFFER_PAGE'
2018-05-12T00:38:13.098803Z 0 [Note] Shutting down plugin 'INNODB_CMP_PER_INDEX_RESET'
2018-05-12T00:38:13.099200Z 0 [Note] Shutting down plugin 'INNODB_CMP_PER_INDEX'
2018-05-12T00:38:13.099616Z 0 [Note] Shutting down plugin 'INNODB_CMPMEM_RESET'
2018-05-12T00:38:13.100007Z 0 [Note] Shutting down plugin 'INNODB_CMPMEM'
2018-05-12T00:38:13.100533Z 0 [Note] Shutting down plugin 'INNODB_CMP_RESET'
2018-05-12T00:38:13.100879Z 0 [Note] Shutting down plugin 'INNODB_CMP'
2018-05-12T00:38:13.101204Z 0 [Note] Shutting down plugin 'INNODB_LOCK_WAITS'
2018-05-12T00:38:13.101554Z 0 [Note] Shutting down plugin 'INNODB_LOCKS'
2018-05-12T00:38:13.101886Z 0 [Note] Shutting down plugin 'INNODB_TRX'
2018-05-12T00:38:13.102265Z 0 [Note] Shutting down plugin 'InnoDB'
2018-05-12T00:38:13.103042Z 0 [Note] InnoDB: FTS optimize thread exiting.
2018-05-12T00:38:13.103877Z 0 [Note] InnoDB: Starting shutdown...
2018-05-12T00:38:13.204893Z 0 [Note] InnoDB: Dumping buffer pool(s) to C:\ProgramData\MySQL\MySQL Server 5.7\Data\ib_buffer_pool
2018-05-12T00:38:13.210127Z 0 [Note] InnoDB: Buffer pool(s) dump completed at 180511 20:38:13
2018-05-12T00:38:14.265150Z 0 [Note] InnoDB: Shutdown completed; log sequence number 10883912
2018-05-12T00:38:14.265990Z 0 [Note] InnoDB: Removed temporary tablespace data file: "ibtmp1"
2018-05-12T00:38:14.266498Z 0 [Note] Shutting down plugin 'MEMORY'
2018-05-12T00:38:14.266857Z 0 [Note] Shutting down plugin 'CSV'
2018-05-12T00:38:14.267208Z 0 [Note] Shutting down plugin 'sha256_password'
2018-05-12T00:38:14.267641Z 0 [Note] Shutting down plugin 'mysql_native_password'
2018-05-12T00:38:14.268213Z 0 [Note] Shutting down plugin 'binlog'
2018-05-12T00:38:14.278662Z 0 [Note] C:\Program Files\MySQL\MySQL Server 5.7\bin\mysqld.exe: Shutdown complete

2018-05-12T14:29:56.977379Z 0 [Warning] option 'read_buffer_size': unsigned value 0 adjusted to 8192
2018-05-12T14:29:56.977445Z 0 [Warning] option 'read_rnd_buffer_size': unsigned value 0 adjusted to 1
2018-05-12T14:29:56.977473Z 0 [Warning] TIMESTAMP with implicit DEFAULT value is deprecated. Please use --explicit_defaults_for_timestamp server option (see documentation for more details).
2018-05-12T14:29:56.977794Z 0 [Warning] 'NO_ZERO_DATE', 'NO_ZERO_IN_DATE' and 'ERROR_FOR_DIVISION_BY_ZERO' sql modes should be used with strict mode. They will be merged with strict mode in a future release.
2018-05-12T14:29:56.981983Z 0 [Note] C:\Program Files\MySQL\MySQL Server 5.7\bin\mysqld.exe (mysqld 5.7.21-log) starting as process 11756 ...
2018-05-12T14:29:57.028757Z 0 [Note] InnoDB: Mutexes and rw_locks use Windows interlocked functions
2018-05-12T14:29:57.029457Z 0 [Note] InnoDB: Uses event mutexes
2018-05-12T14:29:57.029813Z 0 [Note] InnoDB: _mm_lfence() and _mm_sfence() are used for memory barrier
2018-05-12T14:29:57.030338Z 0 [Note] InnoDB: Compressed tables use zlib 1.2.3
2018-05-12T14:29:57.030753Z 0 [Note] InnoDB: Adjusting innodb_buffer_pool_instances from 8 to 1 since innodb_buffer_pool_size is less than 1024 MiB
2018-05-12T14:29:57.035173Z 0 [Note] InnoDB: Number of pools: 1
2018-05-12T14:29:57.038708Z 0 [Note] InnoDB: Not using CPU crc32 instructions
2018-05-12T14:29:57.043025Z 0 [Note] InnoDB: Initializing buffer pool, total size = 8M, instances = 1, chunk size = 8M
2018-05-12T14:29:57.044796Z 0 [Note] InnoDB: Completed initialization of buffer pool
2018-05-12T14:29:57.095892Z 0 [Note] InnoDB: Highest supported file format is Barracuda.
2018-05-12T14:29:57.466054Z 0 [Note] InnoDB: Creating shared tablespace for temporary tables
2018-05-12T14:29:57.467018Z 0 [Note] InnoDB: Setting file '.\ibtmp1' size to 12 MB. Physically writing the file full; Please wait ...
2018-05-12T14:29:57.509294Z 0 [Note] InnoDB: File '.\ibtmp1' size is now 12 MB.
2018-05-12T14:29:57.517736Z 0 [Note] InnoDB: 96 redo rollback segment(s) found. 96 redo rollback segment(s) are active.
2018-05-12T14:29:57.518431Z 0 [Note] InnoDB: 32 non-redo rollback segment(s) are active.
2018-05-12T14:29:57.519213Z 0 [Note] InnoDB: Waiting for purge to start
2018-05-12T14:29:57.570051Z 0 [Note] InnoDB: 5.7.21 started; log sequence number 10883912
2018-05-12T14:29:57.570865Z 0 [Note] InnoDB: Loading buffer pool(s) from C:\ProgramData\MySQL\MySQL Server 5.7\Data\ib_buffer_pool
2018-05-12T14:29:57.571713Z 0 [Note] Plugin 'FEDERATED' is disabled.
2018-05-12T14:29:57.593576Z 0 [Note] InnoDB: Buffer pool(s) load completed at 180512 10:29:57
2018-05-12T14:29:57.603079Z 0 [Warning] Failed to set up SSL because of the following SSL library error: SSL context is not usable without certificate and private key
2018-05-12T14:29:57.604017Z 0 [Note] Server hostname (bind-address): '*'; port: 3306
2018-05-12T14:29:57.604683Z 0 [Note] IPv6 is available.
2018-05-12T14:29:57.605017Z 0 [Note]   - '::' resolves to '::';
2018-05-12T14:29:57.605416Z 0 [Note] Server socket created on IP: '::'.
2018-05-12T14:29:58.357070Z 0 [Note] Event Scheduler: Loaded 0 events
2018-05-12T14:29:58.357984Z 0 [Note] C:\Program Files\MySQL\MySQL Server 5.7\bin\mysqld.exe: ready for connections.
Version: '5.7.21-log'  socket: ''  port: 3306  MySQL Community Server (GPL)
2018-05-12T15:22:34.823762Z 2 [Note] Access denied for user 'root'@'localhost' (using password: NO)
2018-05-12T15:38:08.281043Z 6 [Note] Access denied for user 'root'@'localhost' (using password: NO)
2018-05-12T19:02:20.615090Z 0 [Note] C:\Program Files\MySQL\MySQL Server 5.7\bin\mysqld.exe: Normal shutdown

2018-05-12T19:02:20.617890Z 0 [Note] Giving 0 client threads a chance to die gracefully
2018-05-12T19:02:20.618561Z 0 [Note] Shutting down slave threads
2018-05-12T19:02:20.618991Z 0 [Note] Forcefully disconnecting 0 remaining clients
2018-05-12T19:02:20.619609Z 0 [Note] Event Scheduler: Purging the queue. 0 events
2018-05-12T19:02:20.621532Z 0 [Note] Binlog end
2018-05-12T19:02:20.625454Z 0 [Note] Shutting down plugin 'ngram'
2018-05-12T19:02:20.625955Z 0 [Note] Shutting down plugin 'partition'
2018-05-12T19:02:20.626428Z 0 [Note] Shutting down plugin 'BLACKHOLE'
2018-05-12T19:02:20.626898Z 0 [Note] Shutting down plugin 'ARCHIVE'
2018-05-12T19:02:20.627343Z 0 [Note] Shutting down plugin 'PERFORMANCE_SCHEMA'
2018-05-12T19:02:20.627936Z 0 [Note] Shutting down plugin 'MRG_MYISAM'
2018-05-12T19:02:20.628428Z 0 [Note] Shutting down plugin 'MyISAM'
2018-05-12T19:02:20.628908Z 0 [Note] Shutting down plugin 'INNODB_SYS_VIRTUAL'
2018-05-12T19:02:20.629407Z 0 [Note] Shutting down plugin 'INNODB_SYS_DATAFILES'
2018-05-12T19:02:20.629910Z 0 [Note] Shutting down plugin 'INNODB_SYS_TABLESPACES'
2018-05-12T19:02:20.630492Z 0 [Note] Shutting down plugin 'INNODB_SYS_FOREIGN_COLS'
2018-05-12T19:02:20.631034Z 0 [Note] Shutting down plugin 'INNODB_SYS_FOREIGN'
2018-05-12T19:02:20.631517Z 0 [Note] Shutting down plugin 'INNODB_SYS_FIELDS'
2018-05-12T19:02:20.631992Z 0 [Note] Shutting down plugin 'INNODB_SYS_COLUMNS'
2018-05-12T19:02:20.632482Z 0 [Note] Shutting down plugin 'INNODB_SYS_INDEXES'
2018-05-12T19:02:20.632964Z 0 [Note] Shutting down plugin 'INNODB_SYS_TABLESTATS'
2018-05-12T19:02:20.633459Z 0 [Note] Shutting down plugin 'INNODB_SYS_TABLES'
2018-05-12T19:02:20.633942Z 0 [Note] Shutting down plugin 'INNODB_FT_INDEX_TABLE'
2018-05-12T19:02:20.634631Z 0 [Note] Shutting down plugin 'INNODB_FT_INDEX_CACHE'
2018-05-12T19:02:20.635254Z 0 [Note] Shutting down plugin 'INNODB_FT_CONFIG'
2018-05-12T19:02:20.635725Z 0 [Note] Shutting down plugin 'INNODB_FT_BEING_DELETED'
2018-05-12T19:02:20.636223Z 0 [Note] Shutting down plugin 'INNODB_FT_DELETED'
2018-05-12T19:02:20.636700Z 0 [Note] Shutting down plugin 'INNODB_FT_DEFAULT_STOPWORD'
2018-05-12T19:02:20.637252Z 0 [Note] Shutting down plugin 'INNODB_METRICS'
2018-05-12T19:02:20.637726Z 0 [Note] Shutting down plugin 'INNODB_TEMP_TABLE_INFO'
2018-05-12T19:02:20.638238Z 0 [Note] Shutting down plugin 'INNODB_BUFFER_POOL_STATS'
2018-05-12T19:02:20.638761Z 0 [Note] Shutting down plugin 'INNODB_BUFFER_PAGE_LRU'
2018-05-12T19:02:20.639296Z 0 [Note] Shutting down plugin 'INNODB_BUFFER_PAGE'
2018-05-12T19:02:20.639808Z 0 [Note] Shutting down plugin 'INNODB_CMP_PER_INDEX_RESET'
2018-05-12T19:02:20.640404Z 0 [Note] Shutting down plugin 'INNODB_CMP_PER_INDEX'
2018-05-12T19:02:20.640965Z 0 [Note] Shutting down plugin 'INNODB_CMPMEM_RESET'
2018-05-12T19:02:20.641540Z 0 [Note] Shutting down plugin 'INNODB_CMPMEM'
2018-05-12T19:02:20.642039Z 0 [Note] Shutting down plugin 'INNODB_CMP_RESET'
2018-05-12T19:02:20.642537Z 0 [Note] Shutting down plugin 'INNODB_CMP'
2018-05-12T19:02:20.643025Z 0 [Note] Shutting down plugin 'INNODB_LOCK_WAITS'
2018-05-12T19:02:20.643576Z 0 [Note] Shutting down plugin 'INNODB_LOCKS'
2018-05-12T19:02:20.644071Z 0 [Note] Shutting down plugin 'INNODB_TRX'
2018-05-12T19:02:20.644566Z 0 [Note] Shutting down plugin 'InnoDB'
2018-05-12T19:02:20.645087Z 0 [Note] InnoDB: FTS optimize thread exiting.
2018-05-12T19:02:20.645669Z 0 [Note] InnoDB: Starting shutdown...
2018-05-12T19:02:20.752724Z 0 [Note] InnoDB: Dumping buffer pool(s) to C:\ProgramData\MySQL\MySQL Server 5.7\Data\ib_buffer_pool
2018-05-12T19:02:20.754347Z 0 [Note] InnoDB: Buffer pool(s) dump completed at 180512 15:02:20
2018-05-12T19:02:22.316794Z 0 [Note] InnoDB: Shutdown completed; log sequence number 10889273
2018-05-12T19:02:22.317494Z 0 [Note] InnoDB: Removed temporary tablespace data file: "ibtmp1"
2018-05-12T19:02:22.317955Z 0 [Note] Shutting down plugin 'MEMORY'
2018-05-12T19:02:22.318266Z 0 [Note] Shutting down plugin 'CSV'
2018-05-12T19:02:22.318566Z 0 [Note] Shutting down plugin 'sha256_password'
2018-05-12T19:02:22.318961Z 0 [Note] Shutting down plugin 'mysql_native_password'
2018-05-12T19:02:22.319421Z 0 [Note] Shutting down plugin 'binlog'
2018-05-12T19:02:22.324061Z 0 [Note] C:\Program Files\MySQL\MySQL Server 5.7\bin\mysqld.exe: Shutdown complete

2018-05-13T14:36:21.365655Z 0 [Warning] option 'read_buffer_size': unsigned value 0 adjusted to 8192
2018-05-13T14:36:21.365721Z 0 [Warning] option 'read_rnd_buffer_size': unsigned value 0 adjusted to 1
2018-05-13T14:36:21.365748Z 0 [Warning] TIMESTAMP with implicit DEFAULT value is deprecated. Please use --explicit_defaults_for_timestamp server option (see documentation for more details).
2018-05-13T14:36:21.366028Z 0 [Warning] 'NO_ZERO_DATE', 'NO_ZERO_IN_DATE' and 'ERROR_FOR_DIVISION_BY_ZERO' sql modes should be used with strict mode. They will be merged with strict mode in a future release.
2018-05-13T14:36:21.369634Z 0 [Note] C:\Program Files\MySQL\MySQL Server 5.7\bin\mysqld.exe (mysqld 5.7.21-log) starting as process 11548 ...
2018-05-13T14:36:21.418684Z 0 [Note] InnoDB: Mutexes and rw_locks use Windows interlocked functions
2018-05-13T14:36:21.419303Z 0 [Note] InnoDB: Uses event mutexes
2018-05-13T14:36:21.419670Z 0 [Note] InnoDB: _mm_lfence() and _mm_sfence() are used for memory barrier
2018-05-13T14:36:21.420176Z 0 [Note] InnoDB: Compressed tables use zlib 1.2.3
2018-05-13T14:36:21.420593Z 0 [Note] InnoDB: Adjusting innodb_buffer_pool_instances from 8 to 1 since innodb_buffer_pool_size is less than 1024 MiB
2018-05-13T14:36:21.425013Z 0 [Note] InnoDB: Number of pools: 1
2018-05-13T14:36:21.428737Z 0 [Note] InnoDB: Not using CPU crc32 instructions
2018-05-13T14:36:21.432398Z 0 [Note] InnoDB: Initializing buffer pool, total size = 8M, instances = 1, chunk size = 8M
2018-05-13T14:36:21.434050Z 0 [Note] InnoDB: Completed initialization of buffer pool
2018-05-13T14:36:21.475497Z 0 [Note] InnoDB: Highest supported file format is Barracuda.
2018-05-13T14:36:21.795792Z 0 [Note] InnoDB: Creating shared tablespace for temporary tables
2018-05-13T14:36:21.796704Z 0 [Note] InnoDB: Setting file '.\ibtmp1' size to 12 MB. Physically writing the file full; Please wait ...
2018-05-13T14:36:21.831367Z 0 [Note] InnoDB: File '.\ibtmp1' size is now 12 MB.
2018-05-13T14:36:21.843429Z 0 [Note] InnoDB: 96 redo rollback segment(s) found. 96 redo rollback segment(s) are active.
2018-05-13T14:36:21.844124Z 0 [Note] InnoDB: 32 non-redo rollback segment(s) are active.
2018-05-13T14:36:21.844862Z 0 [Note] InnoDB: Waiting for purge to start
2018-05-13T14:36:21.895762Z 0 [Note] InnoDB: 5.7.21 started; log sequence number 10889273
2018-05-13T14:36:21.896655Z 0 [Note] InnoDB: Loading buffer pool(s) from C:\ProgramData\MySQL\MySQL Server 5.7\Data\ib_buffer_pool
2018-05-13T14:36:21.897440Z 0 [Note] Plugin 'FEDERATED' is disabled.
2018-05-13T14:36:21.910129Z 0 [Note] InnoDB: Buffer pool(s) load completed at 180513 10:36:21
2018-05-13T14:36:21.927704Z 0 [Warning] Failed to set up SSL because of the following SSL library error: SSL context is not usable without certificate and private key
2018-05-13T14:36:21.928607Z 0 [Note] Server hostname (bind-address): '*'; port: 3306
2018-05-13T14:36:21.929258Z 0 [Note] IPv6 is available.
2018-05-13T14:36:21.929592Z 0 [Note]   - '::' resolves to '::';
2018-05-13T14:36:21.929995Z 0 [Note] Server socket created on IP: '::'.
2018-05-13T14:36:22.716981Z 0 [Note] Event Scheduler: Loaded 0 events
2018-05-13T14:36:22.718146Z 0 [Note] C:\Program Files\MySQL\MySQL Server 5.7\bin\mysqld.exe: ready for connections.
Version: '5.7.21-log'  socket: ''  port: 3306  MySQL Community Server (GPL)
2018-05-13T14:48:50.190562Z 11 [Note] Access denied for user 'root'@'localhost' (using password: NO)
2018-05-13T14:48:52.780819Z 15 [Note] Access denied for user 'root'@'localhost' (using password: NO)
2018-05-13T15:01:53.566668Z 21 [Note] Aborted connection 21 to db: 'unconnected' user: 'root' host: 'localhost' (Got an error reading communication packets)
2018-05-13T18:54:26.933714Z 14 [Note] Aborted connection 14 to db: 'unconnected' user: 'root' host: 'localhost' (Got an error reading communication packets)
2018-05-13T18:54:34.755006Z 0 [Note] C:\Program Files\MySQL\MySQL Server 5.7\bin\mysqld.exe: Normal shutdown

2018-05-13T18:54:34.757052Z 0 [Note] Giving 0 client threads a chance to die gracefully
2018-05-13T18:54:34.757679Z 0 [Note] Shutting down slave threads
2018-05-13T18:54:34.758160Z 0 [Note] Forcefully disconnecting 0 remaining clients
2018-05-13T18:54:34.758735Z 0 [Note] Event Scheduler: Purging the queue. 0 events
2018-05-13T18:54:34.759493Z 0 [Note] Binlog end
2018-05-13T18:54:34.762623Z 0 [Note] Shutting down plugin 'ngram'
2018-05-13T18:54:34.763113Z 0 [Note] Shutting down plugin 'partition'
2018-05-13T18:54:34.763554Z 0 [Note] Shutting down plugin 'BLACKHOLE'
2018-05-13T18:54:34.764008Z 0 [Note] Shutting down plugin 'ARCHIVE'
2018-05-13T18:54:34.764492Z 0 [Note] Shutting down plugin 'PERFORMANCE_SCHEMA'
2018-05-13T18:54:34.765144Z 0 [Note] Shutting down plugin 'MRG_MYISAM'
2018-05-13T18:54:34.765619Z 0 [Note] Shutting down plugin 'MyISAM'
2018-05-13T18:54:34.766110Z 0 [Note] Shutting down plugin 'INNODB_SYS_VIRTUAL'
2018-05-13T18:54:34.766648Z 0 [Note] Shutting down plugin 'INNODB_SYS_DATAFILES'
2018-05-13T18:54:34.767227Z 0 [Note] Shutting down plugin 'INNODB_SYS_TABLESPACES'
2018-05-13T18:54:34.767793Z 0 [Note] Shutting down plugin 'INNODB_SYS_FOREIGN_COLS'
2018-05-13T18:54:34.768339Z 0 [Note] Shutting down plugin 'INNODB_SYS_FOREIGN'
2018-05-13T18:54:34.768836Z 0 [Note] Shutting down plugin 'INNODB_SYS_FIELDS'
2018-05-13T18:54:34.769398Z 0 [Note] Shutting down plugin 'INNODB_SYS_COLUMNS'
2018-05-13T18:54:34.769932Z 0 [Note] Shutting down plugin 'INNODB_SYS_INDEXES'
2018-05-13T18:54:34.770435Z 0 [Note] Shutting down plugin 'INNODB_SYS_TABLESTATS'
2018-05-13T18:54:34.770943Z 0 [Note] Shutting down plugin 'INNODB_SYS_TABLES'
2018-05-13T18:54:34.771422Z 0 [Note] Shutting down plugin 'INNODB_FT_INDEX_TABLE'
2018-05-13T18:54:34.771943Z 0 [Note] Shutting down plugin 'INNODB_FT_INDEX_CACHE'
2018-05-13T18:54:34.772476Z 0 [Note] Shutting down plugin 'INNODB_FT_CONFIG'
2018-05-13T18:54:34.772977Z 0 [Note] Shutting down plugin 'INNODB_FT_BEING_DELETED'
2018-05-13T18:54:34.773503Z 0 [Note] Shutting down plugin 'INNODB_FT_DELETED'
2018-05-13T18:54:34.773995Z 0 [Note] Shutting down plugin 'INNODB_FT_DEFAULT_STOPWORD'
2018-05-13T18:54:34.774535Z 0 [Note] Shutting down plugin 'INNODB_METRICS'
2018-05-13T18:54:34.775044Z 0 [Note] Shutting down plugin 'INNODB_TEMP_TABLE_INFO'
2018-05-13T18:54:34.775565Z 0 [Note] Shutting down plugin 'INNODB_BUFFER_POOL_STATS'
2018-05-13T18:54:34.776116Z 0 [Note] Shutting down plugin 'INNODB_BUFFER_PAGE_LRU'
2018-05-13T18:54:34.776718Z 0 [Note] Shutting down plugin 'INNODB_BUFFER_PAGE'
2018-05-13T18:54:34.777282Z 0 [Note] Shutting down plugin 'INNODB_CMP_PER_INDEX_RESET'
2018-05-13T18:54:34.777816Z 0 [Note] Shutting down plugin 'INNODB_CMP_PER_INDEX'
2018-05-13T18:54:34.778300Z 0 [Note] Shutting down plugin 'INNODB_CMPMEM_RESET'
2018-05-13T18:54:34.778780Z 0 [Note] Shutting down plugin 'INNODB_CMPMEM'
2018-05-13T18:54:34.779282Z 0 [Note] Shutting down plugin 'INNODB_CMP_RESET'
2018-05-13T18:54:34.779782Z 0 [Note] Shutting down plugin 'INNODB_CMP'
2018-05-13T18:54:34.780266Z 0 [Note] Shutting down plugin 'INNODB_LOCK_WAITS'
2018-05-13T18:54:34.780856Z 0 [Note] Shutting down plugin 'INNODB_LOCKS'
2018-05-13T18:54:34.781335Z 0 [Note] Shutting down plugin 'INNODB_TRX'
2018-05-13T18:54:34.781774Z 0 [Note] Shutting down plugin 'InnoDB'
2018-05-13T18:54:34.782236Z 0 [Note] InnoDB: FTS optimize thread exiting.
2018-05-13T18:54:34.782740Z 0 [Note] InnoDB: Starting shutdown...
2018-05-13T18:54:34.884436Z 0 [Note] InnoDB: Dumping buffer pool(s) to C:\ProgramData\MySQL\MySQL Server 5.7\Data\ib_buffer_pool
2018-05-13T18:54:34.886168Z 0 [Note] InnoDB: Buffer pool(s) dump completed at 180513 14:54:34
2018-05-13T18:54:36.463894Z 0 [Note] InnoDB: Shutdown completed; log sequence number 10902684
2018-05-13T18:54:36.464560Z 0 [Note] InnoDB: Removed temporary tablespace data file: "ibtmp1"
2018-05-13T18:54:36.465029Z 0 [Note] Shutting down plugin 'MEMORY'
2018-05-13T18:54:36.465331Z 0 [Note] Shutting down plugin 'CSV'
2018-05-13T18:54:36.465612Z 0 [Note] Shutting down plugin 'sha256_password'
2018-05-13T18:54:36.465956Z 0 [Note] Shutting down plugin 'mysql_native_password'
2018-05-13T18:54:36.466434Z 0 [Note] Shutting down plugin 'binlog'
2018-05-13T18:54:36.468576Z 0 [Note] C:\Program Files\MySQL\MySQL Server 5.7\bin\mysqld.exe: Shutdown complete

